Start testing: Dec 13 20:19 PST
----------------------------------------------------------
1/1 Testing: unit
1/1 Test: unit
Command: "/Users/bsalyp/Documents/diana/travis/calculator/build/unit_tests"
Directory: /Users/bsalyp/Documents/diana/travis/calculator/build
"unit" start time: Dec 13 20:19 PST
Output:
----------------------------------------------------------
[==========] Running 1 test from 1 test case.
[----------] Global test environment set-up.
[----------] 1 test from AdditionTest
[ RUN      ] AdditionTest.NormalResult
[       OK ] AdditionTest.NormalResult (0 ms)
[----------] 1 test from AdditionTest (0 ms total)

[----------] Global test environment tear-down
[==========] 1 test from 1 test case ran. (0 ms total)
[  PASSED  ] 1 test.
<end of output>
Test time =   0.01 sec
----------------------------------------------------------
Test Passed.
"unit" end time: Dec 13 20:19 PST
"unit" time elapsed: 00:00:00
----------------------------------------------------------

End testing: Dec 13 20:19 PST
